build/outputs/logs/manifest-merger-debug-report.txt
-- Merging decision tree log ---
manifest
ADDED from aws-sdk-android-samples-master/S3TransferUtilitySample/AndroidManifest.xml:2:1-55:12
	package
		ADDED from aws-sdk-android-samples-master/S3TransferUtilitySample/AndroidManifest.xml:3:5-51
	android:versionName
		ADDED from aws-sdk-android-samples-master/S3TransferUtilitySample/AndroidManifest.xml:5:5-30
		INJECTED from aws-sdk-android-samples-master/S3TransferUtilitySample/AndroidManifest.xml
		INJECTED from aws-sdk-android-samples-master/S3TransferUtilitySample/AndroidManifest.xml
	android:versionCode
		ADDED from aws-sdk-android-samples-master/S3TransferUtilitySample/AndroidManifest.xml:4:5-28
		INJECTED from aws-sdk-android-samples-master/S3TransferUtilitySample/AndroidManifest.xml
		INJECTED from aws-sdk-android-samples-master/S3TransferUtilitySample/AndroidManifest.xml
	xmlns:android
		ADDED from aws-sdk-android-samples-master/S3TransferUtilitySample/AndroidManifest.xml:2:11-69
uses-sdk
ADDED from aws-sdk-android-samples-master/S3TransferUtilitySample/AndroidManifest.xml:7:5-9:41
MERGED from [com.android.support:appcompat-v7:19.1.0] AndroidManifest.xml:18:5-42
	android:targetSdkVersion
		ADDED from aws-sdk-android-samples-master/S3TransferUtilitySample/AndroidManifest.xml:9:9-38
		INJECTED from aws-sdk-android-samples-master/S3TransferUtilitySample/AndroidManifest.xml
		INJECTED from aws-sdk-android-samples-master/S3TransferUtilitySample/AndroidManifest.xml
	android:minSdkVersion
		ADDED from aws-sdk-android-samples-master/S3TransferUtilitySample/AndroidManifest.xml:8:9-35
		INJECTED from aws-sdk-android-samples-master/S3TransferUtilitySample/AndroidManifest.xml
		INJECTED from aws-sdk-android-samples-master/S3TransferUtilitySample/AndroidManifest.xml
uses-permission#android.permission.INTERNET
ADDED from aws-sdk-android-samples-master/S3TransferUtilitySample/AndroidManifest.xml:11:5-67
	android:name
		ADDED from aws-sdk-android-samples-master/S3TransferUtilitySample/AndroidManifest.xml:11:22-64
uses-permission#android.permission.ACCESS_NETWORK_STATE
ADDED from aws-sdk-android-samples-master/S3TransferUtilitySample/AndroidManifest.xml:12:5-79
	android:name
		ADDED from aws-sdk-android-samples-master/S3TransferUtilitySample/AndroidManifest.xml:12:22-76
uses-permission#android.permission.READ_EXTERNAL_STORAGE
ADDED from aws-sdk-android-samples-master/S3TransferUtilitySample/AndroidManifest.xml:13:5-80
	android:name
		ADDED from aws-sdk-android-samples-master/S3TransferUtilitySample/AndroidManifest.xml:13:22-77
uses-permission#android.permission.WRITE_EXTERNAL_STORAGE
ADDED from aws-sdk-android-samples-master/S3TransferUtilitySample/AndroidManifest.xml:14:5-81
	android:name
		ADDED from aws-sdk-android-samples-master/S3TransferUtilitySample/AndroidManifest.xml:14:22-78
uses-permission#android.permission.READ_PHONE_STATE
ADDED from aws-sdk-android-samples-master/S3TransferUtilitySample/AndroidManifest.xml:15:5-75
	android:name
		ADDED from aws-sdk-android-samples-master/S3TransferUtilitySample/AndroidManifest.xml:15:22-72
uses-feature#android.hardware.camera
ADDED from aws-sdk-android-samples-master/S3TransferUtilitySample/AndroidManifest.xml:17:5-19:35
	android:required
		ADDED from aws-sdk-android-samples-master/S3TransferUtilitySample/AndroidManifest.xml:19:9-32
	android:name
		ADDED from aws-sdk-android-samples-master/S3TransferUtilitySample/AndroidManifest.xml:18:9-47
application
ADDED from aws-sdk-android-samples-master/S3TransferUtilitySample/AndroidManifest.xml:21:5-53:19
MERGED from [com.android.support:appcompat-v7:19.1.0] AndroidManifest.xml:19:5-20
	android:label
		ADDED from aws-sdk-android-samples-master/S3TransferUtilitySample/AndroidManifest.xml:24:9-41
	android:allowBackup
		ADDED from aws-sdk-android-samples-master/S3TransferUtilitySample/AndroidManifest.xml:22:9-35
	android:icon
		ADDED from aws-sdk-android-samples-master/S3TransferUtilitySample/AndroidManifest.xml:23:9-45
activity#com.amazonaws.demo.s3transferutility.MainActivity
ADDED from aws-sdk-android-samples-master/S3TransferUtilitySample/AndroidManifest.xml:25:9-31:20
	android:name
		ADDED from aws-sdk-android-samples-master/S3TransferUtilitySample/AndroidManifest.xml:25:19-47
intent-filter#android.intent.action.MAIN+android.intent.category.LAUNCHER
ADDED from aws-sdk-android-samples-master/S3TransferUtilitySample/AndroidManifest.xml:26:13-30:29
action#android.intent.action.MAIN
ADDED from aws-sdk-android-samples-master/S3TransferUtilitySample/AndroidManifest.xml:27:17-69
	android:name
		ADDED from aws-sdk-android-samples-master/S3TransferUtilitySample/AndroidManifest.xml:27:25-66
category#android.intent.category.LAUNCHER
ADDED from aws-sdk-android-samples-master/S3TransferUtilitySample/AndroidManifest.xml:29:17-77
	android:name
		ADDED from aws-sdk-android-samples-master/S3TransferUtilitySample/AndroidManifest.xml:29:27-74
activity#com.amazonaws.demo.s3transferutility.DownloadActivity
ADDED from aws-sdk-android-samples-master/S3TransferUtilitySample/AndroidManifest.xml:32:9-34:57
	android:label
		ADDED from aws-sdk-android-samples-master/S3TransferUtilitySample/AndroidManifest.xml:34:13-54
	android:name
		ADDED from aws-sdk-android-samples-master/S3TransferUtilitySample/AndroidManifest.xml:33:13-45
activity#com.amazonaws.demo.s3transferutility.UploadActivity
ADDED from aws-sdk-android-samples-master/S3TransferUtilitySample/AndroidManifest.xml:35:9-37:55
	android:label
		ADDED from aws-sdk-android-samples-master/S3TransferUtilitySample/AndroidManifest.xml:37:13-52
	android:name
		ADDED from aws-sdk-android-samples-master/S3TransferUtilitySample/AndroidManifest.xml:36:13-43
activity#com.amazonaws.demo.s3transferutility.DownloadSelectionActivity
ADDED from aws-sdk-android-samples-master/S3TransferUtilitySample/AndroidManifest.xml:38:9-40:67
	android:label
		ADDED from aws-sdk-android-samples-master/S3TransferUtilitySample/AndroidManifest.xml:40:13-64
	android:name
		ADDED from aws-sdk-android-samples-master/S3TransferUtilitySample/AndroidManifest.xml:39:13-54
activity#com.amazonaws.demo.s3transferutility.TestActivity
ADDED from aws-sdk-android-samples-master/S3TransferUtilitySample/AndroidManifest.xml:41:9-43:44
	android:label
		ADDED from aws-sdk-android-samples-master/S3TransferUtilitySample/AndroidManifest.xml:43:13-41
	android:name
		ADDED from aws-sdk-android-samples-master/S3TransferUtilitySample/AndroidManifest.xml:42:13-41
service#com.amazonaws.mobileconnectors.s3.transferutility.TransferService
ADDED from aws-sdk-android-samples-master/S3TransferUtilitySample/AndroidManifest.xml:45:9-47:38
	android:enabled
		ADDED from aws-sdk-android-samples-master/S3TransferUtilitySample/AndroidManifest.xml:47:13-35
	android:name
		ADDED from aws-sdk-android-samples-master/S3TransferUtilitySample/AndroidManifest.xml:46:13-93
activity#com.amazonaws.demo.s3transferutility.TestCurlActivity
ADDED from aws-sdk-android-samples-master/S3TransferUtilitySample/AndroidManifest.xml:49:9-54
	android:name
		ADDED from aws-sdk-android-samples-master/S3TransferUtilitySample/AndroidManifest.xml:49:19-51
activity#com.amazonaws.demo.s3transferutility.PhotoIntentActivity
ADDED from aws-sdk-android-samples-master/S3TransferUtilitySample/AndroidManifest.xml:50:9-195
	android:screenOrientation
		ADDED from aws-sdk-android-samples-master/S3TransferUtilitySample/AndroidManifest.xml:50:19-55
	android:configChanges
		ADDED from aws-sdk-android-samples-master/S3TransferUtilitySample/AndroidManifest.xml:50:56-156
	android:name
		ADDED from aws-sdk-android-samples-master/S3TransferUtilitySample/AndroidManifest.xml:50:157-192
activity#com.amazonaws.demo.s3transferutility.TitleDescriptionActivity
ADDED from aws-sdk-android-samples-master/S3TransferUtilitySample/AndroidManifest.xml:52:9-61
	android:name
		ADDED from aws-sdk-android-samples-master/S3TransferUtilitySample/AndroidManifest.xml:52:19-59